2020-01-15 14:07:23 +0000  Initial pipeline context: <IDEDistributionProcessingPipelineContext: 0x7f98dcb72bc0; archive(resolved)='<IDEArchive: 0x7f98dbe49ce0>', distributionTask(resolved)='2', distributionDestination(resolved)='1', distributionMethod(resolved)='<IDEDistributionMethodiOSAppStoreDistribution: 0x7f98d9882220>', team(resolved)='<IDEProvisioningDisambiguatableBasicTeam: 0x7f98da735330; teamID='4852RVF8ZC', teamName='Beijing LightGlory technology co., LTD', teamType='Company', username='550025494@qq.com', isFreeProvisioningTeam='0'>'>
	Chain (12, self inclusive):
	<IDEDistributionProcessingPipelineContext: 0x7f98dcb72bc0; archive = '<IDEArchive: 0x7f98dbe49ce0>', distributionMethod='<IDEDistributionMethodiOSAppStoreDistribution: 0x7f98d9882220>', team='<IDEProvisioningDisambiguatableBasicTeam: 0x7f98da735330; teamID='4852RVF8ZC', teamName='Beijing LightGlory technology co., LTD', teamType='Company', username='550025494@qq.com', isFreeProvisioningTeam='0'>'>
	<IDEDistributionProcessingPipelineContext: 0x7f98dcbc49e0; archive = '<IDEArchive: 0x7f98dbe49ce0>', distributionMethod='<IDEDistributionMethodiOSAppStoreDistribution: 0x7f98d9882220>', team='<IDEProvisioningDisambiguatableBasicTeam: 0x7f98da735330; teamID='4852RVF8ZC', teamName='Beijing LightGlory technology co., LTD', teamType='Company', username='550025494@qq.com', isFreeProvisioningTeam='0'>'>
	<IDEDistributionContext: 0x7f98dcbb3b90; archive = '<IDEArchive: 0x7f98dbe49ce0>', distributionMethod='<IDEDistributionMethodiOSAppStoreDistribution: 0x7f98d9882220>', team='<IDEProvisioningDisambiguatableBasicTeam: 0x7f98da735330; teamID='4852RVF8ZC', teamName='Beijing LightGlory technology co., LTD', teamType='Company', username='550025494@qq.com', isFreeProvisioningTeam='0'>'>
	<IDEDistributionContext: 0x7f98dbdacff0; archive = '<IDEArchive: 0x7f98dbe49ce0>', distributionMethod='<IDEDistributionMethodiOSAppStoreDistribution: 0x7f98d9882220>', team='<IDEProvisioningDisambiguatableBasicTeam: 0x7f98da735330; teamID='4852RVF8ZC', teamName='Beijing LightGlory technology co., LTD', teamType='Company', username='550025494@qq.com', isFreeProvisioningTeam='0'>'>
	<IDEDistributionContext: 0x7f98dbde6f10; archive = '<IDEArchive: 0x7f98dbe49ce0>', distributionMethod='<IDEDistributionMethodiOSAppStoreDistribution: 0x7f98d9882220>', team='<IDEProvisioningDisambiguatableBasicTeam: 0x7f98da735330; teamID='4852RVF8ZC', teamName='Beijing LightGlory technology co., LTD', teamType='Company', username='550025494@qq.com', isFreeProvisioningTeam='0'>'>
	<IDEDistributionContext: 0x7f98dcb74140; archive = '<IDEArchive: 0x7f98dbe49ce0>', distributionMethod='<IDEDistributionMethodiOSAppStoreDistribution: 0x7f98d9882220>', team='<IDEProvisioningDisambiguatableBasicTeam: 0x7f98da735330; teamID='4852RVF8ZC', teamName='Beijing LightGlory technology co., LTD', teamType='Company', username='550025494@qq.com', isFreeProvisioningTeam='0'>'>
	<IDEDistributionContext: 0x7f98dcb8f800; archive = '<IDEArchive: 0x7f98dbe49ce0>', distributionMethod='<IDEDistributionMethodiOSAppStoreDistribution: 0x7f98d9882220>', team='<IDEProvisioningDisambiguatableBasicTeam: 0x7f98da735330; teamID='4852RVF8ZC', teamName='Beijing LightGlory technology co., LTD', teamType='Company', username='550025494@qq.com', isFreeProvisioningTeam='0'>'>
	<IDEDistributionContext: 0x7f98dcb95090; archive = '<IDEArchive: 0x7f98dbe49ce0>', distributionMethod='<IDEDistributionMethodiOSAppStoreDistribution: 0x7f98d9882220>', team='<IDEProvisioningDisambiguatableBasicTeam: 0x7f98da735330; teamID='4852RVF8ZC', teamName='Beijing LightGlory technology co., LTD', teamType='Company', username='550025494@qq.com', isFreeProvisioningTeam='0'>'>
	<IDEDistributionContext: 0x7f98dbe66310; archive = '<IDEArchive: 0x7f98dbe49ce0>', distributionMethod='<IDEDistributionMethodiOSAppStoreDistribution: 0x7f98d9882220>', team='<IDEProvisioningDisambiguatableBasicTeam: 0x7f98da735330; teamID='4852RVF8ZC', teamName='Beijing LightGlory technology co., LTD', teamType='Company', username='550025494@qq.com', isFreeProvisioningTeam='0'>'>
	<IDEDistributionContext: 0x7f98dcc93900; archive = '<IDEArchive: 0x7f98dbe49ce0>', distributionMethod='<IDEDistributionMethodiOSAppStoreDistribution: 0x7f98d9882220>', team='(null)'>
	<IDEDistributionContext: 0x7f98dbe2a0a0; archive = '<IDEArchive: 0x7f98dbe49ce0>', distributionMethod='<IDEDistributionMethodiOSAppStoreDistribution: 0x7f98d9882220>', team='(null)'>
	<IDEDistributionContext: 0x7f98dbe5a090; archive = '<IDEArchive: 0x7f98dbe49ce0>', distributionMethod='(null)', team='(null)'>
</IDEDistributionProcessingPipelineContext: 0x7f98dcb72bc0>
2020-01-15 14:07:23 +0000  Processing step: IDEDistributionCreateDestRootStep
2020-01-15 14:07:23 +0000  Processing step: IDEDistributionCopyItemStep
2020-01-15 14:07:23 +0000  Running /usr/bin/ditto '-V' '/Users/sky/Library/Developer/Xcode/Archives/2020-01-15/极客思迪教师客户端 1-15-20, 22.07.xcarchive/Products/Applications/极客思迪教师客户端.app' '/var/folders/5l/96gdlpp90lx3296fp7bs87mr0000gn/T/XcodeDistPipeline.~~~Q1esDW/Root/Payload/极客思迪教师客户端.app'
2020-01-15 14:07:23 +0000  >>> Copying /Users/sky/Library/Developer/Xcode/Archives/2020-01-15/极客思迪教师客户端 1-15-20, 22.07.xcarchive/Products/Applications/极客思迪教师客户端.app 
2020-01-15 14:07:23 +0000  copying file ./_CodeSignature/CodeResources ... 
2020-01-15 14:07:23 +0000  19165 bytes for ./_CodeSignature/CodeResources
2020-01-15 14:07:23 +0000  copying file ./LaunchImage-1100-Portrait-2436h@3x.png ... 
2020-01-15 14:07:23 +0000  28334 bytes for ./LaunchImage-1100-Portrait-2436h@3x.png
2020-01-15 14:07:23 +0000  copying file ./LaunchImage@2x.png ... 
2020-01-15 14:07:23 +0000  22555 bytes for ./LaunchImage@2x.png
2020-01-15 14:07:23 +0000  copying file ./AppIcon20x20@2x.png ... 
2020-01-15 14:07:23 +0000  1832 bytes for ./AppIcon20x20@2x.png
2020-01-15 14:07:23 +0000  copying file ./MainViewController.nib/objects-13.0+.nib ... 
2020-01-15 14:07:23 +0000  980 bytes for ./MainViewController.nib/objects-13.0+.nib
2020-01-15 14:07:23 +0000  copying file ./MainViewController.nib/runtime.nib ... 
2020-01-15 14:07:23 +0000  980 bytes for ./MainViewController.nib/runtime.nib
2020-01-15 14:07:23 +0000  copying file ./AppIcon20x20@3x.png ... 
2020-01-15 14:07:23 +0000  3112 bytes for ./AppIcon20x20@3x.png
copying file ./AppIcon29x29.png ... 
2020-01-15 14:07:23 +0000  1173 bytes for ./AppIcon29x29.png
2020-01-15 14:07:23 +0000  copying file ./LaunchImage-568h@2x.png ... 
2020-01-15 14:07:23 +0000  23956 bytes for ./LaunchImage-568h@2x.png
2020-01-15 14:07:23 +0000  copying file ./AppIcon60x60@2x.png ... 
2020-01-15 14:07:23 +0000  8888 bytes for ./AppIcon60x60@2x.png
2020-01-15 14:07:23 +0000  copying file ./AppIcon29x29@2x.png ... 
2020-01-15 14:07:23 +0000  2914 bytes for ./AppIcon29x29@2x.png
2020-01-15 14:07:23 +0000  copying file ./LaunchImage-1100-Landscape-2436h@3x.png ... 
2020-01-15 14:07:23 +0000  29629 bytes for ./LaunchImage-1100-Landscape-2436h@3x.png
2020-01-15 14:07:23 +0000  copying file ./LaunchImage-800-667h@2x.png ... 
2020-01-15 14:07:23 +0000  17363 bytes for ./LaunchImage-800-667h@2x.png
copying file ./AppIcon40x40@3x.png ... 
2020-01-15 14:07:23 +0000  8888 bytes for ./AppIcon40x40@3x.png
2020-01-15 14:07:23 +0000  copying file ./AppIcon29x29~ipad.png ... 
2020-01-15 14:07:23 +0000  1173 bytes for ./AppIcon29x29~ipad.png
2020-01-15 14:07:23 +0000  copying file ./AppIcon40x40@2x.png ... 
2020-01-15 14:07:23 +0000  4951 bytes for ./AppIcon40x40@2x.png
2020-01-15 14:07:23 +0000  copying file ./AppIcon29x29@3x.png ... 
2020-01-15 14:07:23 +0000  5502 bytes for ./AppIcon29x29@3x.png
2020-01-15 14:07:23 +0000  copying file ./AppIcon60x60@3x.png ... 
2020-01-15 14:07:23 +0000  16023 bytes for ./AppIcon60x60@3x.png
2020-01-15 14:07:23 +0000  copying file ./config.xml ... 
2020-01-15 14:07:23 +0000  2904 bytes for ./config.xml
2020-01-15 14:07:23 +0000  copying file ./www/index.html ... 
2020-01-15 14:07:23 +0000  2301 bytes for ./www/index.html
2020-01-15 14:07:23 +0000  copying file ./www/cordova.js ... 
2020-01-15 14:07:23 +0000  69846 bytes for ./www/cordova.js
2020-01-15 14:07:23 +0000  copying file ./www/css/index.css ... 
2020-01-15 14:07:23 +0000  2211 bytes for ./www/css/index.css
2020-01-15 14:07:23 +0000  copying file ./www/plugins/cordova-plugin-wechat/www/wechat.js ... 
2020-01-15 14:07:23 +0000  5820 bytes for ./www/plugins/cordova-plugin-wechat/www/wechat.js
2020-01-15 14:07:23 +0000  copying file ./www/plugins/cordova-plugin-app-version/www/AppVersionPlugin.js ... 
2020-01-15 14:07:23 +0000  2276 bytes for ./www/plugins/cordova-plugin-app-version/www/AppVersionPlugin.js
2020-01-15 14:07:23 +0000  copying file ./www/plugins/cordova-plugin-camera/www/CameraPopoverOptions.js ... 
2020-01-15 14:07:23 +0000  2640 bytes for ./www/plugins/cordova-plugin-camera/www/CameraPopoverOptions.js
2020-01-15 14:07:23 +0000  copying file ./www/plugins/cordova-plugin-camera/www/ios/CameraPopoverHandle.js ... 
2020-01-15 14:07:23 +0000  2291 bytes for ./www/plugins/cordova-plugin-camera/www/ios/CameraPopoverHandle.js
2020-01-15 14:07:23 +0000  copying file ./www/plugins/cordova-plugin-camera/www/CameraConstants.js ... 
2020-01-15 14:07:23 +0000  3488 bytes for ./www/plugins/cordova-plugin-camera/www/CameraConstants.js
2020-01-15 14:07:23 +0000  copying file ./www/plugins/cordova-plugin-camera/www/Camera.js ... 
2020-01-15 14:07:23 +0000  7995 bytes for ./www/plugins/cordova-plugin-camera/www/Camera.js
2020-01-15 14:07:23 +0000  copying file ./www/js/index.js ... 
2020-01-15 14:07:23 +0000  1216 bytes for ./www/js/index.js
2020-01-15 14:07:23 +0000  copying file ./www/img/logo.png ... 
2020-01-15 14:07:23 +0000  21814 bytes for ./www/img/logo.png
2020-01-15 14:07:23 +0000  copying file ./www/cordova-js-src/exec.js ... 
2020-01-15 14:07:23 +0000  8856 bytes for ./www/cordova-js-src/exec.js
2020-01-15 14:07:23 +0000  copying file ./www/cordova-js-src/plugin/ios/logger.js ... 
2020-01-15 14:07:23 +0000  10181 bytes for ./www/cordova-js-src/plugin/ios/logger.js
2020-01-15 14:07:23 +0000  copying file ./www/cordova-js-src/plugin/ios/console.js ... 
2020-01-15 14:07:23 +0000  6873 bytes for ./www/cordova-js-src/plugin/ios/console.js
2020-01-15 14:07:23 +0000  copying file ./www/cordova-js-src/platform.js ... 
2020-01-15 14:07:23 +0000  1168 bytes for ./www/cordova-js-src/platform.js
2020-01-15 14:07:23 +0000  copying file ./www/cordova_plugins.js ... 
2020-01-15 14:07:23 +0000  1687 bytes for ./www/cordova_plugins.js
2020-01-15 14:07:23 +0000  copying file ./极客思迪教师客户端 ... 
2020-01-15 14:07:23 +0000  1495936 bytes for ./极客思迪教师客户端
2020-01-15 14:07:23 +0000  copying file ./Assets.car ... 
2020-01-15 14:07:23 +0000  193592 bytes for ./Assets.car
2020-01-15 14:07:23 +0000  copying file ./AppIcon40x40@2x~ipad.png ... 
2020-01-15 14:07:23 +0000  4951 bytes for ./AppIcon40x40@2x~ipad.png
2020-01-15 14:07:23 +0000  copying file ./AppIcon76x76@2x~ipad.png ... 
2020-01-15 14:07:23 +0000  12574 bytes for ./AppIcon76x76@2x~ipad.png
2020-01-15 14:07:23 +0000  copying file ./LaunchImage-800-Portrait-736h@3x.png ... 
2020-01-15 14:07:23 +0000  19728 bytes for ./LaunchImage-800-Portrait-736h@3x.png
2020-01-15 14:07:23 +0000  copying file ./CDVLaunchScreen.storyboardc/01J-lp-oVM-view-Ze5-6b-2t3.nib/objects-13.0+.nib ... 
2020-01-15 14:07:23 +0000  2325 bytes for ./CDVLaunchScreen.storyboardc/01J-lp-oVM-view-Ze5-6b-2t3.nib/objects-13.0+.nib
2020-01-15 14:07:23 +0000  copying file ./CDVLaunchScreen.storyboardc/01J-lp-oVM-view-Ze5-6b-2t3.nib/runtime.nib ... 
2020-01-15 14:07:23 +0000  2328 bytes for ./CDVLaunchScreen.storyboardc/01J-lp-oVM-view-Ze5-6b-2t3.nib/runtime.nib
2020-01-15 14:07:23 +0000  copying file ./CDVLaunchScreen.storyboardc/UIViewController-01J-lp-oVM.nib/objects-13.0+.nib ... 
2020-01-15 14:07:23 +0000  896 bytes for ./CDVLaunchScreen.storyboardc/UIViewController-01J-lp-oVM.nib/objects-13.0+.nib
2020-01-15 14:07:23 +0000  copying file ./CDVLaunchScreen.storyboardc/UIViewController-01J-lp-oVM.nib/runtime.nib ... 
2020-01-15 14:07:23 +0000  896 bytes for ./CDVLaunchScreen.storyboardc/UIViewController-01J-lp-oVM.nib/runtime.nib
2020-01-15 14:07:23 +0000  copying file ./CDVLaunchScreen.storyboardc/Info.plist ... 
2020-01-15 14:07:23 +0000  258 bytes for ./CDVLaunchScreen.storyboardc/Info.plist
2020-01-15 14:07:23 +0000  copying file ./LaunchImage-700@2x.png ... 
2020-01-15 14:07:23 +0000  22555 bytes for ./LaunchImage-700@2x.png
2020-01-15 14:07:23 +0000  copying file ./AppIcon83.5x83.5@2x~ipad.png ... 
2020-01-15 14:07:23 +0000  14567 bytes for ./AppIcon83.5x83.5@2x~ipad.png
2020-01-15 14:07:23 +0000  copying file ./LaunchImage-700-568h@2x.png ... 
2020-01-15 14:07:23 +0000  23956 bytes for ./LaunchImage-700-568h@2x.png
2020-01-15 14:07:23 +0000  copying file ./AppIcon29x29@2x~ipad.png ... 
2020-01-15 14:07:23 +0000  2914 bytes for ./AppIcon29x29@2x~ipad.png
2020-01-15 14:07:23 +0000  copying file ./AppIcon40x40~ipad.png ... 
2020-01-15 14:07:23 +0000  1832 bytes for ./AppIcon40x40~ipad.png
2020-01-15 14:07:23 +0000  copying file ./AppIcon20x20~ipad.png ... 
2020-01-15 14:07:23 +0000  1193 bytes for ./AppIcon20x20~ipad.png
2020-01-15 14:07:23 +0000  copying file ./LaunchImage.png ... 
2020-01-15 14:07:23 +0000  8571 bytes for ./LaunchImage.png
2020-01-15 14:07:23 +0000  copying file ./embedded.mobileprovision ... 
2020-01-15 14:07:23 +0000  7368 bytes for ./embedded.mobileprovision
2020-01-15 14:07:23 +0000  copying file ./LaunchImage-800-Landscape-736h@3x.png ... 
2020-01-15 14:07:23 +0000  19914 bytes for ./LaunchImage-800-Landscape-736h@3x.png
2020-01-15 14:07:23 +0000  copying file ./AppIcon20x20@2x~ipad.png ... 
2020-01-15 14:07:23 +0000  1832 bytes for ./AppIcon20x20@2x~ipad.png
2020-01-15 14:07:23 +0000  copying file ./Info.plist ... 
2020-01-15 14:07:23 +0000  2619 bytes for ./Info.plist
copying file ./PkgInfo ... 
2020-01-15 14:07:23 +0000  8 bytes for ./PkgInfo
2020-01-15 14:07:23 +0000  copying file ./AppIcon76x76~ipad.png ... 
2020-01-15 14:07:23 +0000  4534 bytes for ./AppIcon76x76~ipad.png
2020-01-15 14:07:23 +0000  /usr/bin/ditto exited with 0
2020-01-15 14:07:23 +0000  Processing step: IDEDistributionEmbedProfileStep
2020-01-15 14:07:23 +0000  Processing step: IDEDistributionItemRemovalStep
2020-01-15 14:07:23 +0000  Processing step: IDEDistributionAppThinningPlistStep
2020-01-15 14:07:23 +0000  Skipping step: IDEDistributionAppThinningPlistStep because it said so
2020-01-15 14:07:23 +0000  Processing step: IDEDistributionCompileBitcodeStep
2020-01-15 14:07:23 +0000  Skipping step: IDEDistributionCompileBitcodeStep because it said so
2020-01-15 14:07:23 +0000  Processing step: IDEDistributionCodeSlimmingStep
2020-01-15 14:07:23 +0000  Processing step: IDEDistributionCopyBCSymbolMapsStep
2020-01-15 14:07:23 +0000  Skipping step: IDEDistributionCopyBCSymbolMapsStep because it said so
2020-01-15 14:07:23 +0000  Processing step: IDEDistributionSymbolsStep
2020-01-15 14:07:23 +0000  Skipping step: IDEDistributionSymbolsStep because it said so
2020-01-15 14:07:23 +0000  Processing step: IDEDistributionCopyAppleProvidedContentStep
2020-01-15 14:07:23 +0000  Processing step: IDEDistributionAppThinningStep
2020-01-15 14:07:23 +0000  Skipping step: IDEDistributionAppThinningStep because it said so
2020-01-15 14:07:23 +0000  Processing step: IDEDistributionArchThinningStep
2020-01-15 14:07:23 +0000  Running /Applications/Xcode.app/Contents/Developer/Toolchains/XcodeDefault.xctoolchain/usr/bin/lipo '/var/folders/5l/96gdlpp90lx3296fp7bs87mr0000gn/T/XcodeDistPipeline.~~~Q1esDW/Root/Payload/极客思迪教师客户端.app/极客思迪教师客户端' '-verify_arch' 'arm64e'
2020-01-15 14:07:23 +0000  /Applications/Xcode.app/Contents/Developer/Toolchains/XcodeDefault.xctoolchain/usr/bin/lipo exited with 1
2020-01-15 14:07:23 +0000  Skipping architecture thinning for item "极客思迪教师客户端" because arch "arm64e" wasn't found
2020-01-15 14:07:23 +0000  Processing step: IDEDistributionODRStep
2020-01-15 14:07:23 +0000  Processing step: IDEDistributionStripXattrsStep
2020-01-15 14:07:23 +0000  Running /usr/bin/xattr '-crs' '/var/folders/5l/96gdlpp90lx3296fp7bs87mr0000gn/T/XcodeDistPipeline.~~~Q1esDW/Root/Payload/极客思迪教师客户端.app'
2020-01-15 14:07:23 +0000  /usr/bin/xattr exited with 0
2020-01-15 14:07:23 +0000  Processing step: IDEDistributionCodesignStep
2020-01-15 14:07:23 +0000  Entitlements for <IDEDistributionItem: 0x7f98dcc96fb0; bundleID='cn.geeksteam.staff', path='<DVTFilePath:0x7f98d96035e0:'/Users/sky/Library/Developer/Xcode/Archives/2020-01-15/极客思迪教师客户端 1-15-20, 22.07.xcarchive/Products/Applications/极客思迪教师客户端.app'>', codeSigningInfo='<_DVTCodeSigningInformation_Path: 0x7f98dcb650f0; isSigned='1', isAdHocSigned='0', signingCertificate='<DVTSigningCertificate: 0x7f98dc8173e0; name='iPhone Distribution: Beijing LightGlory technology co., LTD (4852RVF8ZC)', hash='BACD45ADCFF5FF09598E579A512738DFD41D2B01', serialNumber='270AD4357273F075', certificateKinds='(
    "1.2.840.113635.100.6.1.4"
), issueDate='2019-12-31 01:45:35 +0000''>', entitlements='{
    "application-identifier" = "4852RVF8ZC.cn.geeksteam.staff";
    "beta-reports-active" = 1;
    "com.apple.developer.team-identifier" = 4852RVF8ZC;
    "get-task-allow" = 0;
}', teamID='4852RVF8ZC', identifier='cn.geeksteam.staff', executablePath='<DVTFilePath:0x7f98dcb0e7e0:'/Users/sky/Library/Developer/Xcode/Archives/2020-01-15/极客思迪教师客户端 1-15-20, 22.07.xcarchive/Products/Applications/极客思迪教师客户端.app/极客思迪教师客户端'>', hardenedRuntime='0'>'>: {
    "application-identifier" = "4852RVF8ZC.cn.geeksteam.staff";
    "beta-reports-active" = 1;
    "com.apple.developer.team-identifier" = 4852RVF8ZC;
    "get-task-allow" = 0;
}
2020-01-15 14:07:23 +0000  Writing entitlements for <IDEDistributionItem: 0x7f98dcc96fb0; bundleID='cn.geeksteam.staff', path='<DVTFilePath:0x7f98d96035e0:'/Users/sky/Library/Developer/Xcode/Archives/2020-01-15/极客思迪教师客户端 1-15-20, 22.07.xcarchive/Products/Applications/极客思迪教师客户端.app'>', codeSigningInfo='<_DVTCodeSigningInformation_Path: 0x7f98dcb650f0; isSigned='1', isAdHocSigned='0', signingCertificate='<DVTSigningCertificate: 0x7f98dcba49f0; name='iPhone Distribution: Beijing LightGlory technology co., LTD (4852RVF8ZC)', hash='BACD45ADCFF5FF09598E579A512738DFD41D2B01', serialNumber='270AD4357273F075', certificateKinds='(
    "1.2.840.113635.100.6.1.4"
), issueDate='2019-12-31 01:45:35 +0000''>', entitlements='{
    "application-identifier" = "4852RVF8ZC.cn.geeksteam.staff";
    "beta-reports-active" = 1;
    "com.apple.developer.team-identifier" = 4852RVF8ZC;
    "get-task-allow" = 0;
}', teamID='4852RVF8ZC', identifier='cn.geeksteam.staff', executablePath='<DVTFilePath:0x7f98dcb0e7e0:'/Users/sky/Library/Developer/Xcode/Archives/2020-01-15/极客思迪教师客户端 1-15-20, 22.07.xcarchive/Products/Applications/极客思迪教师客户端.app/极客思迪教师客户端'>', hardenedRuntime='0'>'> to: /var/folders/5l/96gdlpp90lx3296fp7bs87mr0000gn/T/XcodeDistPipeline.~~~Q1esDW/entitlements~~~8HW6x7
2020-01-15 14:07:23 +0000  Running /usr/bin/codesign '-vvv' '--force' '--sign' 'BACD45ADCFF5FF09598E579A512738DFD41D2B01' '--entitlements' '/var/folders/5l/96gdlpp90lx3296fp7bs87mr0000gn/T/XcodeDistPipeline.~~~Q1esDW/entitlements~~~8HW6x7' '--preserve-metadata=identifier,flags,runtime' '/var/folders/5l/96gdlpp90lx3296fp7bs87mr0000gn/T/XcodeDistPipeline.~~~Q1esDW/Root/Payload/极客思迪教师客户端.app'
2020-01-15 14:07:23 +0000  /var/folders/5l/96gdlpp90lx3296fp7bs87mr0000gn/T/XcodeDistPipeline.~~~Q1esDW/Root/Payload/极客思迪教师客户端.app: replacing existing signature
2020-01-15 14:07:24 +0000  /var/folders/5l/96gdlpp90lx3296fp7bs87mr0000gn/T/XcodeDistPipeline.~~~Q1esDW/Root/Payload/极客思迪教师客户端.app: signed app bundle with Mach-O universal (armv7 arm64) [cn.geeksteam.staff]
2020-01-15 14:07:24 +0000  /usr/bin/codesign exited with 0
2020-01-15 14:07:24 +0000  Processing step: IDEDistributionZipODRItemStep
2020-01-15 14:07:24 +0000  Skipping step: IDEDistributionZipODRItemStep because it said so
2020-01-15 14:07:24 +0000  Processing step: IDEDistributionCreateIPAStep
2020-01-15 14:07:24 +0000  Running /usr/bin/ditto '-V' '-c' '-k' '--norsrc' '/var/folders/5l/96gdlpp90lx3296fp7bs87mr0000gn/T/XcodeDistPipeline.~~~Q1esDW/Root' '/var/folders/5l/96gdlpp90lx3296fp7bs87mr0000gn/T/XcodeDistPipeline.~~~Q1esDW/Packages/极客思迪教师客户端.ipa'
2020-01-15 14:07:24 +0000  >>> Copying /var/folders/5l/96gdlpp90lx3296fp7bs87mr0000gn/T/XcodeDistPipeline.~~~Q1esDW/Root 
2020-01-15 14:07:24 +0000  copying file ./Payload/极客思迪教师客户端.app/_CodeSignature/CodeResources ... 
2020-01-15 14:07:24 +0000  19165 bytes for ./Payload/极客思迪教师客户端.app/_CodeSignature/CodeResources
2020-01-15 14:07:24 +0000  copying file ./Payload/极客思迪教师客户端.app/LaunchImage-1100-Portrait-2436h@3x.png ... 
2020-01-15 14:07:24 +0000  28334 bytes for ./Payload/极客思迪教师客户端.app/LaunchImage-1100-Portrait-2436h@3x.png
2020-01-15 14:07:24 +0000  copying file ./Payload/极客思迪教师客户端.app/LaunchImage@2x.png ... 
2020-01-15 14:07:24 +0000  22555 bytes for ./Payload/极客思迪教师客户端.app/LaunchImage@2x.png
2020-01-15 14:07:24 +0000  copying file ./Payload/极客思迪教师客户端.app/AppIcon20x20@2x.png ... 
1832 bytes for ./Payload/极客思迪教师客户端.app/AppIcon20x20@2x.png
2020-01-15 14:07:24 +0000  copying file ./Payload/极客思迪教师客户端.app/MainViewController.nib/objects-13.0+.nib ... 
2020-01-15 14:07:24 +0000  980 bytes for ./Payload/极客思迪教师客户端.app/MainViewController.nib/objects-13.0+.nib
copying file ./Payload/极客思迪教师客户端.app/MainViewController.nib/runtime.nib ... 
2020-01-15 14:07:24 +0000  980 bytes for ./Payload/极客思迪教师客户端.app/MainViewController.nib/runtime.nib
copying file ./Payload/极客思迪教师客户端.app/AppIcon20x20@3x.png ... 
2020-01-15 14:07:24 +0000  3112 bytes for ./Payload/极客思迪教师客户端.app/AppIcon20x20@3x.png
2020-01-15 14:07:24 +0000  copying file ./Payload/极客思迪教师客户端.app/AppIcon29x29.png ... 
2020-01-15 14:07:24 +0000  1173 bytes for ./Payload/极客思迪教师客户端.app/AppIcon29x29.png
copying file ./Payload/极客思迪教师客户端.app/LaunchImage-568h@2x.png ... 
2020-01-15 14:07:24 +0000  23956 bytes for ./Payload/极客思迪教师客户端.app/LaunchImage-568h@2x.png
2020-01-15 14:07:24 +0000  copying file ./Payload/极客思迪教师客户端.app/AppIcon60x60@2x.png ... 
2020-01-15 14:07:24 +0000  8888 bytes for ./Payload/极客思迪教师客户端.app/AppIcon60x60@2x.png
2020-01-15 14:07:24 +0000  copying file ./Payload/极客思迪教师客户端.app/AppIcon29x29@2x.png ... 
2020-01-15 14:07:24 +0000  2914 bytes for ./Payload/极客思迪教师客户端.app/AppIcon29x29@2x.png
copying file ./Payload/极客思迪教师客户端.app/LaunchImage-1100-Landscape-2436h@3x.png ... 
2020-01-15 14:07:24 +0000  29629 bytes for ./Payload/极客思迪教师客户端.app/LaunchImage-1100-Landscape-2436h@3x.png
copying file ./Payload/极客思迪教师客户端.app/LaunchImage-800-667h@2x.png ... 
2020-01-15 14:07:24 +0000  17363 bytes for ./Payload/极客思迪教师客户端.app/LaunchImage-800-667h@2x.png
copying file ./Payload/极客思迪教师客户端.app/AppIcon40x40@3x.png ... 
2020-01-15 14:07:24 +0000  8888 bytes for ./Payload/极客思迪教师客户端.app/AppIcon40x40@3x.png
2020-01-15 14:07:24 +0000  copying file ./Payload/极客思迪教师客户端.app/AppIcon29x29~ipad.png ... 
1173 bytes for ./Payload/极客思迪教师客户端.app/AppIcon29x29~ipad.png
2020-01-15 14:07:24 +0000  copying file ./Payload/极客思迪教师客户端.app/AppIcon40x40@2x.png ... 
2020-01-15 14:07:24 +0000  4951 bytes for ./Payload/极客思迪教师客户端.app/AppIcon40x40@2x.png
2020-01-15 14:07:24 +0000  copying file ./Payload/极客思迪教师客户端.app/AppIcon29x29@3x.png ... 
2020-01-15 14:07:24 +0000  5502 bytes for ./Payload/极客思迪教师客户端.app/AppIcon29x29@3x.png
copying file ./Payload/极客思迪教师客户端.app/AppIcon60x60@3x.png ... 
2020-01-15 14:07:24 +0000  16023 bytes for ./Payload/极客思迪教师客户端.app/AppIcon60x60@3x.png
2020-01-15 14:07:24 +0000  copying file ./Payload/极客思迪教师客户端.app/config.xml ... 
2020-01-15 14:07:24 +0000  2904 bytes for ./Payload/极客思迪教师客户端.app/config.xml
copying file ./Payload/极客思迪教师客户端.app/www/index.html ... 
2020-01-15 14:07:24 +0000  2301 bytes for ./Payload/极客思迪教师客户端.app/www/index.html
2020-01-15 14:07:24 +0000  copying file ./Payload/极客思迪教师客户端.app/www/cordova.js ... 
2020-01-15 14:07:24 +0000  69846 bytes for ./Payload/极客思迪教师客户端.app/www/cordova.js
2020-01-15 14:07:24 +0000  copying file ./Payload/极客思迪教师客户端.app/www/css/index.css ... 
2020-01-15 14:07:24 +0000  2211 bytes for ./Payload/极客思迪教师客户端.app/www/css/index.css
2020-01-15 14:07:24 +0000  copying file ./Payload/极客思迪教师客户端.app/www/plugins/cordova-plugin-wechat/www/wechat.js ... 
2020-01-15 14:07:24 +0000  5820 bytes for ./Payload/极客思迪教师客户端.app/www/plugins/cordova-plugin-wechat/www/wechat.js
2020-01-15 14:07:24 +0000  copying file ./Payload/极客思迪教师客户端.app/www/plugins/cordova-plugin-app-version/www/AppVersionPlugin.js ... 
2020-01-15 14:07:24 +0000  2276 bytes for ./Payload/极客思迪教师客户端.app/www/plugins/cordova-plugin-app-version/www/AppVersionPlugin.js
2020-01-15 14:07:24 +0000  copying file ./Payload/极客思迪教师客户端.app/www/plugins/cordova-plugin-camera/www/CameraPopoverOptions.js ... 
2020-01-15 14:07:24 +0000  2640 bytes for ./Payload/极客思迪教师客户端.app/www/plugins/cordova-plugin-camera/www/CameraPopoverOptions.js
2020-01-15 14:07:24 +0000  copying file ./Payload/极客思迪教师客户端.app/www/plugins/cordova-plugin-camera/www/ios/CameraPopoverHandle.js ... 
2020-01-15 14:07:24 +0000  2291 bytes for ./Payload/极客思迪教师客户端.app/www/plugins/cordova-plugin-camera/www/ios/CameraPopoverHandle.js
copying file ./Payload/极客思迪教师客户端.app/www/plugins/cordova-plugin-camera/www/CameraConstants.js ... 
2020-01-15 14:07:24 +0000  3488 bytes for ./Payload/极客思迪教师客户端.app/www/plugins/cordova-plugin-camera/www/CameraConstants.js
2020-01-15 14:07:24 +0000  copying file ./Payload/极客思迪教师客户端.app/www/plugins/cordova-plugin-camera/www/Camera.js ... 
2020-01-15 14:07:24 +0000  7995 bytes for ./Payload/极客思迪教师客户端.app/www/plugins/cordova-plugin-camera/www/Camera.js
2020-01-15 14:07:24 +0000  copying file ./Payload/极客思迪教师客户端.app/www/js/index.js ... 
2020-01-15 14:07:24 +0000  1216 bytes for ./Payload/极客思迪教师客户端.app/www/js/index.js
2020-01-15 14:07:24 +0000  copying file ./Payload/极客思迪教师客户端.app/www/img/logo.png ... 
2020-01-15 14:07:24 +0000  21814 bytes for ./Payload/极客思迪教师客户端.app/www/img/logo.png
2020-01-15 14:07:24 +0000  copying file ./Payload/极客思迪教师客户端.app/www/cordova-js-src/exec.js ... 
2020-01-15 14:07:24 +0000  8856 bytes for ./Payload/极客思迪教师客户端.app/www/cordova-js-src/exec.js
2020-01-15 14:07:24 +0000  copying file ./Payload/极客思迪教师客户端.app/www/cordova-js-src/plugin/ios/logger.js ... 
2020-01-15 14:07:24 +0000  10181 bytes for ./Payload/极客思迪教师客户端.app/www/cordova-js-src/plugin/ios/logger.js
2020-01-15 14:07:24 +0000  copying file ./Payload/极客思迪教师客户端.app/www/cordova-js-src/plugin/ios/console.js ... 
2020-01-15 14:07:24 +0000  6873 bytes for ./Payload/极客思迪教师客户端.app/www/cordova-js-src/plugin/ios/console.js
copying file ./Payload/极客思迪教师客户端.app/www/cordova-js-src/platform.js ... 
2020-01-15 14:07:24 +0000  1168 bytes for ./Payload/极客思迪教师客户端.app/www/cordova-js-src/platform.js
copying file ./Payload/极客思迪教师客户端.app/www/cordova_plugins.js ... 
2020-01-15 14:07:24 +0000  1687 bytes for ./Payload/极客思迪教师客户端.app/www/cordova_plugins.js
copying file ./Payload/极客思迪教师客户端.app/极客思迪教师客户端 ... 
2020-01-15 14:07:24 +0000  1495936 bytes for ./Payload/极客思迪教师客户端.app/极客思迪教师客户端
2020-01-15 14:07:24 +0000  copying file ./Payload/极客思迪教师客户端.app/Assets.car ... 
2020-01-15 14:07:24 +0000  193592 bytes for ./Payload/极客思迪教师客户端.app/Assets.car
2020-01-15 14:07:24 +0000  copying file ./Payload/极客思迪教师客户端.app/AppIcon40x40@2x~ipad.png ... 
2020-01-15 14:07:24 +0000  4951 bytes for ./Payload/极客思迪教师客户端.app/AppIcon40x40@2x~ipad.png
copying file ./Payload/极客思迪教师客户端.app/AppIcon76x76@2x~ipad.png ... 
2020-01-15 14:07:24 +0000  12574 bytes for ./Payload/极客思迪教师客户端.app/AppIcon76x76@2x~ipad.png
2020-01-15 14:07:24 +0000  copying file ./Payload/极客思迪教师客户端.app/LaunchImage-800-Portrait-736h@3x.png ... 
2020-01-15 14:07:24 +0000  19728 bytes for ./Payload/极客思迪教师客户端.app/LaunchImage-800-Portrait-736h@3x.png
2020-01-15 14:07:24 +0000  copying file ./Payload/极客思迪教师客户端.app/CDVLaunchScreen.storyboardc/01J-lp-oVM-view-Ze5-6b-2t3.nib/objects-13.0+.nib ... 
2020-01-15 14:07:24 +0000  2325 bytes for ./Payload/极客思迪教师客户端.app/CDVLaunchScreen.storyboardc/01J-lp-oVM-view-Ze5-6b-2t3.nib/objects-13.0+.nib
2020-01-15 14:07:24 +0000  copying file ./Payload/极客思迪教师客户端.app/CDVLaunchScreen.storyboardc/01J-lp-oVM-view-Ze5-6b-2t3.nib/runtime.nib ... 
2020-01-15 14:07:24 +0000  2328 bytes for ./Payload/极客思迪教师客户端.app/CDVLaunchScreen.storyboardc/01J-lp-oVM-view-Ze5-6b-2t3.nib/runtime.nib
copying file ./Payload/极客思迪教师客户端.app/CDVLaunchScreen.storyboardc/UIViewController-01J-lp-oVM.nib/objects-13.0+.nib ... 
2020-01-15 14:07:24 +0000  896 bytes for ./Payload/极客思迪教师客户端.app/CDVLaunchScreen.storyboardc/UIViewController-01J-lp-oVM.nib/objects-13.0+.nib
copying file ./Payload/极客思迪教师客户端.app/CDVLaunchScreen.storyboardc/UIViewController-01J-lp-oVM.nib/runtime.nib ... 
2020-01-15 14:07:24 +0000  896 bytes for ./Payload/极客思迪教师客户端.app/CDVLaunchScreen.storyboardc/UIViewController-01J-lp-oVM.nib/runtime.nib
copying file ./Payload/极客思迪教师客户端.app/CDVLaunchScreen.storyboardc/Info.plist ... 
2020-01-15 14:07:24 +0000  258 bytes for ./Payload/极客思迪教师客户端.app/CDVLaunchScreen.storyboardc/Info.plist
copying file ./Payload/极客思迪教师客户端.app/LaunchImage-700@2x.png ... 
2020-01-15 14:07:24 +0000  22555 bytes for ./Payload/极客思迪教师客户端.app/LaunchImage-700@2x.png
2020-01-15 14:07:24 +0000  copying file ./Payload/极客思迪教师客户端.app/AppIcon83.5x83.5@2x~ipad.png ... 
2020-01-15 14:07:24 +0000  14567 bytes for ./Payload/极客思迪教师客户端.app/AppIcon83.5x83.5@2x~ipad.png
2020-01-15 14:07:24 +0000  copying file ./Payload/极客思迪教师客户端.app/LaunchImage-700-568h@2x.png ... 
2020-01-15 14:07:24 +0000  23956 bytes for ./Payload/极客思迪教师客户端.app/LaunchImage-700-568h@2x.png
2020-01-15 14:07:24 +0000  copying file ./Payload/极客思迪教师客户端.app/AppIcon29x29@2x~ipad.png ... 
2020-01-15 14:07:24 +0000  2914 bytes for ./Payload/极客思迪教师客户端.app/AppIcon29x29@2x~ipad.png
copying file ./Payload/极客思迪教师客户端.app/AppIcon40x40~ipad.png ... 
2020-01-15 14:07:24 +0000  1832 bytes for ./Payload/极客思迪教师客户端.app/AppIcon40x40~ipad.png
copying file ./Payload/极客思迪教师客户端.app/AppIcon20x20~ipad.png ... 
2020-01-15 14:07:24 +0000  1193 bytes for ./Payload/极客思迪教师客户端.app/AppIcon20x20~ipad.png
copying file ./Payload/极客思迪教师客户端.app/LaunchImage.png ... 
2020-01-15 14:07:24 +0000  8571 bytes for ./Payload/极客思迪教师客户端.app/LaunchImage.png
2020-01-15 14:07:24 +0000  copying file ./Payload/极客思迪教师客户端.app/embedded.mobileprovision ... 
2020-01-15 14:07:24 +0000  7368 bytes for ./Payload/极客思迪教师客户端.app/embedded.mobileprovision
copying file ./Payload/极客思迪教师客户端.app/LaunchImage-800-Landscape-736h@3x.png ... 
2020-01-15 14:07:24 +0000  19914 bytes for ./Payload/极客思迪教师客户端.app/LaunchImage-800-Landscape-736h@3x.png
2020-01-15 14:07:24 +0000  copying file ./Payload/极客思迪教师客户端.app/AppIcon20x20@2x~ipad.png ... 
1832 bytes for ./Payload/极客思迪教师客户端.app/AppIcon20x20@2x~ipad.png
copying file ./Payload/极客思迪教师客户端.app/Info.plist ... 
2020-01-15 14:07:24 +0000  2619 bytes for ./Payload/极客思迪教师客户端.app/Info.plist
2020-01-15 14:07:24 +0000  copying file ./Payload/极客思迪教师客户端.app/PkgInfo ... 
8 bytes for ./Payload/极客思迪教师客户端.app/PkgInfo
copying file ./Payload/极客思迪教师客户端.app/AppIcon76x76~ipad.png ... 
2020-01-15 14:07:24 +0000  4534 bytes for ./Payload/极客思迪教师客户端.app/AppIcon76x76~ipad.png
2020-01-15 14:07:24 +0000  /usr/bin/ditto exited with 0
2020-01-15 14:07:24 +0000  Processing step: IDEDistributionAppStoreInformationStep
2020-01-15 14:07:24 +0000  Skipping step: IDEDistributionAppStoreInformationStep because it said so
2020-01-15 14:07:24 +0000  Processing step: IDEDistributionGenerateProcessedDistributionItems
2020-01-15 14:07:24 +0000  Processing step: IDEDistributionCreateManifestStep
2020-01-15 14:07:24 +0000  Skipping step: IDEDistributionCreateManifestStep because it said so
